<?xml version="1.0" encoding="UTF-8"?>
<!-- Generated by org.testng.reporters.JUnitReportReporter -->
<testsuite hostname="DESKTOP-T6RVP4Q" failures="0" tests="3" name="Testng.Groups" time="0.051" errors="0" timestamp="2024-02-16T11:48:37 IST" skipped="0">
  <testcase classname="Testng.Groups" name="interview" time="0.020"/>
  <testcase classname="Testng.Groups" name="interview3" time="0.004"/>
  <testcase classname="Testng.Groups" name="interview2" time="0.027"/>
</testsuite> <!-- Testng.Groups -->
